<?xml version="1.0" encoding="UTF-8"?>
<!-- Generated by org.testng.reporters.JUnitReportReporter -->
<testsuite hostname="Khosruz" failures="0" tests="6" name="com.DHL.CodilityAutomation.FunctionsOfUI" time="9.171" errors="0" timestamp="2023-08-12T13:23:21 EDT" skipped="0">
  <testcase classname="com.DHL.CodilityAutomation.FunctionsOfUI" name="validatePageTitle" time="1.162"/>
  <system-out/>
  <testcase classname="com.DHL.CodilityAutomation.FunctionsOfUI" name="loginWithEmptyCredentials" time="1.317"/>
  <system-out/>
  <testcase classname="com.DHL.CodilityAutomation.FunctionsOfUI" name="ValidateHompage" time="2.271"/>
  <system-out/>
  <testcase classname="com.DHL.CodilityAutomation.FunctionsOfUI" name="loginWithValidCredentials" time="1.595"/>
  <system-out/>
  <testcase classname="com.DHL.CodilityAutomation.FunctionsOfUI" name="loginWithInVaidID" time="1.389"/>
  <system-out/>
  <testcase classname="com.DHL.CodilityAutomation.FunctionsOfUI" name="loginWithInVaidPassword" time="1.437"/>
  <system-out/>
</testsuite> <!-- com.DHL.CodilityAutomation.FunctionsOfUI -->
