<?xml version="1.0" encoding="UTF-8"?>
<!-- Generated by org.testng.reporters.JUnitReportReporter -->
<testsuite hostname="Khosruz" failures="0" tests="6" name="com.DHL.CodilityAutomation.FunctionsOfUI" time="11.299" errors="0" timestamp="2023-08-12T13:29:41 EDT" skipped="0">
  <testcase classname="com.DHL.CodilityAutomation.FunctionsOfUI" name="validatePageTitle" time="1.383"/>
  <system-out/>
  <testcase classname="com.DHL.CodilityAutomation.FunctionsOfUI" name="loginWithEmptyCredentials" time="1.566"/>
  <system-out/>
  <testcase classname="com.DHL.CodilityAutomation.FunctionsOfUI" name="ValidateHompage" time="1.443"/>
  <system-out/>
  <testcase classname="com.DHL.CodilityAutomation.FunctionsOfUI" name="loginWithValidCredentials" time="2.926"/>
  <system-out/>
  <testcase classname="com.DHL.CodilityAutomation.FunctionsOfUI" name="loginWithInVaidID" time="2.026"/>
  <system-out/>
  <testcase classname="com.DHL.CodilityAutomation.FunctionsOfUI" name="loginWithInVaidPassword" time="1.955"/>
  <system-out/>
</testsuite> <!-- com.DHL.CodilityAutomation.FunctionsOfUI -->
